[2024-12-07 08:03:33] local.ERROR: SQLSTATE[HY000] [2002] Connection refused (Connection: mysql, SQL: select exists (select 1 from information_schema.tables where table_schema = 'elearning' and table_name = 'migrations' and table_type in ('BASE TABLE', 'SYSTEM VERSIONED')) as `exists`) {"exception":"[object] (Illuminate\\Database\\QueryException(code: 2002): SQLSTATE[HY000] [2002] Connection refused (Connection: mysql, SQL: select exists (select 1 from information_schema.tables where table_schema = 'elearning' and table_name = 'migrations' and table_type in ('BASE TABLE', 'SYSTEM VERSIONED')) as `exists`) at /home/islem/Documents/programming/Elearning-web-app/src/vendor/laravel/framework/src/Illuminate/Database/Connection.php:825)
[stacktrace]
#0 /home/islem/Documents/programming/Elearning-web-app/src/vendor/laravel/framework/src/Illuminate/Database/Connection.php(979): Illuminate\\Database\\Connection->runQueryCallback()
#1 /home/islem/Documents/programming/Elearning-web-app/src/vendor/laravel/framework/src/Illuminate/Database/Connection.php(958): Illuminate\\Database\\Connection->tryAgainIfCausedByLostConnection()
#2 /home/islem/Documents/programming/Elearning-web-app/src/vendor/laravel/framework/src/Illuminate/Database/Connection.php(781): Illuminate\\Database\\Connection->handleQueryException()
#3 /home/islem/Documents/programming/Elearning-web-app/src/vendor/laravel/framework/src/Illuminate/Database/Connection.php(398): Illuminate\\Database\\Connection->run()
#4 /home/islem/Documents/programming/Elearning-web-app/src/vendor/laravel/framework/src/Illuminate/Database/Connection.php(344): Illuminate\\Database\\Connection->select()
#5 /home/islem/Documents/programming/Elearning-web-app/src/vendor/laravel/framework/src/Illuminate/Database/Connection.php(361): Illuminate\\Database\\Connection->selectOne()
#6 /home/islem/Documents/programming/Elearning-web-app/src/vendor/laravel/framework/src/Illuminate/Database/Schema/MySqlBuilder.php(45): Illuminate\\Database\\Connection->scalar()
#7 /home/islem/Documents/programming/Elearning-web-app/src/vendor/laravel/framework/src/Illuminate/Database/Migrations/DatabaseMigrationRepository.php(184): Illuminate\\Database\\Schema\\MySqlBuilder->hasTable()
#8 /home/islem/Documents/programming/Elearning-web-app/src/vendor/laravel/framework/src/Illuminate/Database/Migrations/Migrator.php(681): Illuminate\\Database\\Migrations\\DatabaseMigrationRepository->repositoryExists()
#9 /home/islem/Documents/programming/Elearning-web-app/src/vendor/laravel/framework/src/Illuminate/Database/Console/Migrations/StatusCommand.php(55): Illuminate\\Database\\Migrations\\Migrator->repositoryExists()
#10 /home/islem/Documents/programming/Elearning-web-app/src/vendor/laravel/framework/src/Illuminate/Database/Migrations/Migrator.php(616): Illuminate\\Database\\Console\\Migrations\\StatusCommand->Illuminate\\Database\\Console\\Migrations\\{closure}()
#11 /home/islem/Documents/programming/Elearning-web-app/src/vendor/laravel/framework/src/Illuminate/Database/Console/Migrations/StatusCommand.php(54): Illuminate\\Database\\Migrations\\Migrator->usingConnection()
#12 /home/islem/Documents/programming/Elearning-web-app/src/vendor/laravel/framework/src/Illuminate/Container/BoundMethod.php(36): Illuminate\\Database\\Console\\Migrations\\StatusCommand->handle()
#13 /home/islem/Documents/programming/Elearning-web-app/src/vendor/laravel/framework/src/Illuminate/Container/Util.php(43): Illuminate\\Container\\BoundMethod::Illuminate\\Container\\{closure}()
#14 /home/islem/Documents/programming/Elearning-web-app/src/vendor/laravel/framework/src/Illuminate/Container/BoundMethod.php(95): Illuminate\\Container\\Util::unwrapIfClosure()
#15 /home/islem/Documents/programming/Elearning-web-app/src/vendor/laravel/framework/src/Illuminate/Container/BoundMethod.php(35): Illuminate\\Container\\BoundMethod::callBoundMethod()
#16 /home/islem/Documents/programming/Elearning-web-app/src/vendor/laravel/framework/src/Illuminate/Container/Container.php(694): Illuminate\\Container\\BoundMethod::call()
#17 /home/islem/Documents/programming/Elearning-web-app/src/vendor/laravel/framework/src/Illuminate/Console/Command.php(213): Illuminate\\Container\\Container->call()
#18 /home/islem/Documents/programming/Elearning-web-app/src/vendor/symfony/console/Command/Command.php(279): Illuminate\\Console\\Command->execute()
#19 /home/islem/Documents/programming/Elearning-web-app/src/vendor/laravel/framework/src/Illuminate/Console/Command.php(182): Symfony\\Component\\Console\\Command\\Command->run()
#20 /home/islem/Documents/programming/Elearning-web-app/src/vendor/symfony/console/Application.php(1094): Illuminate\\Console\\Command->run()
#21 /home/islem/Documents/programming/Elearning-web-app/src/vendor/symfony/console/Application.php(342): Symfony\\Component\\Console\\Application->doRunCommand()
#22 /home/islem/Documents/programming/Elearning-web-app/src/vendor/symfony/console/Application.php(193): Symfony\\Component\\Console\\Application->doRun()
#23 /home/islem/Documents/programming/Elearning-web-app/src/vendor/laravel/framework/src/Illuminate/Foundation/Console/Kernel.php(197): Symfony\\Component\\Console\\Application->run()
#24 /home/islem/Documents/programming/Elearning-web-app/src/artisan(35): Illuminate\\Foundation\\Console\\Kernel->handle()
#25 {main}

[previous exception] [object] (PDOException(code: 2002): SQLSTATE[HY000] [2002] Connection refused at /home/islem/Documents/programming/Elearning-web-app/src/vendor/laravel/framework/src/Illuminate/Database/Connectors/Connector.php:66)
[stacktrace]
#0 /home/islem/Documents/programming/Elearning-web-app/src/vendor/laravel/framework/src/Illuminate/Database/Connectors/Connector.php(66): PDO->__construct()
#1 /home/islem/Documents/programming/Elearning-web-app/src/vendor/laravel/framework/src/Illuminate/Database/Connectors/Connector.php(85): Illuminate\\Database\\Connectors\\Connector->createPdoConnection()
#2 /home/islem/Documents/programming/Elearning-web-app/src/vendor/laravel/framework/src/Illuminate/Database/Connectors/Connector.php(48): Illuminate\\Database\\Connectors\\Connector->tryAgainIfCausedByLostConnection()
#3 /home/islem/Documents/programming/Elearning-web-app/src/vendor/laravel/framework/src/Illuminate/Database/Connectors/MySqlConnector.php(24): Illuminate\\Database\\Connectors\\Connector->createConnection()
#4 /home/islem/Documents/programming/Elearning-web-app/src/vendor/laravel/framework/src/Illuminate/Database/Connectors/ConnectionFactory.php(185): Illuminate\\Database\\Connectors\\MySqlConnector->connect()
#5 [internal function]: Illuminate\\Database\\Connectors\\ConnectionFactory->Illuminate\\Database\\Connectors\\{closure}()
#6 /home/islem/Documents/programming/Elearning-web-app/src/vendor/laravel/framework/src/Illuminate/Database/Connection.php(1231): call_user_func()
#7 /home/islem/Documents/programming/Elearning-web-app/src/vendor/laravel/framework/src/Illuminate/Database/Connection.php(1267): Illuminate\\Database\\Connection->getPdo()
#8 /home/islem/Documents/programming/Elearning-web-app/src/vendor/laravel/framework/src/Illuminate/Database/Connection.php(512): Illuminate\\Database\\Connection->getReadPdo()
#9 /home/islem/Documents/programming/Elearning-web-app/src/vendor/laravel/framework/src/Illuminate/Database/Connection.php(407): Illuminate\\Database\\Connection->getPdoForSelect()
#10 /home/islem/Documents/programming/Elearning-web-app/src/vendor/laravel/framework/src/Illuminate/Database/Connection.php(812): Illuminate\\Database\\Connection->Illuminate\\Database\\{closure}()
#11 /home/islem/Documents/programming/Elearning-web-app/src/vendor/laravel/framework/src/Illuminate/Database/Connection.php(979): Illuminate\\Database\\Connection->runQueryCallback()
#12 /home/islem/Documents/programming/Elearning-web-app/src/vendor/laravel/framework/src/Illuminate/Database/Connection.php(958): Illuminate\\Database\\Connection->tryAgainIfCausedByLostConnection()
#13 /home/islem/Documents/programming/Elearning-web-app/src/vendor/laravel/framework/src/Illuminate/Database/Connection.php(781): Illuminate\\Database\\Connection->handleQueryException()
#14 /home/islem/Documents/programming/Elearning-web-app/src/vendor/laravel/framework/src/Illuminate/Database/Connection.php(398): Illuminate\\Database\\Connection->run()
#15 /home/islem/Documents/programming/Elearning-web-app/src/vendor/laravel/framework/src/Illuminate/Database/Connection.php(344): Illuminate\\Database\\Connection->select()
#16 /home/islem/Documents/programming/Elearning-web-app/src/vendor/laravel/framework/src/Illuminate/Database/Connection.php(361): Illuminate\\Database\\Connection->selectOne()
#17 /home/islem/Documents/programming/Elearning-web-app/src/vendor/laravel/framework/src/Illuminate/Database/Schema/MySqlBuilder.php(45): Illuminate\\Database\\Connection->scalar()
#18 /home/islem/Documents/programming/Elearning-web-app/src/vendor/laravel/framework/src/Illuminate/Database/Migrations/DatabaseMigrationRepository.php(184): Illuminate\\Database\\Schema\\MySqlBuilder->hasTable()
#19 /home/islem/Documents/programming/Elearning-web-app/src/vendor/laravel/framework/src/Illuminate/Database/Migrations/Migrator.php(681): Illuminate\\Database\\Migrations\\DatabaseMigrationRepository->repositoryExists()
#20 /home/islem/Documents/programming/Elearning-web-app/src/vendor/laravel/framework/src/Illuminate/Database/Console/Migrations/StatusCommand.php(55): Illuminate\\Database\\Migrations\\Migrator->repositoryExists()
#21 /home/islem/Documents/programming/Elearning-web-app/src/vendor/laravel/framework/src/Illuminate/Database/Migrations/Migrator.php(616): Illuminate\\Database\\Console\\Migrations\\StatusCommand->Illuminate\\Database\\Console\\Migrations\\{closure}()
#22 /home/islem/Documents/programming/Elearning-web-app/src/vendor/laravel/framework/src/Illuminate/Database/Console/Migrations/StatusCommand.php(54): Illuminate\\Database\\Migrations\\Migrator->usingConnection()
#23 /home/islem/Documents/programming/Elearning-web-app/src/vendor/laravel/framework/src/Illuminate/Container/BoundMethod.php(36): Illuminate\\Database\\Console\\Migrations\\StatusCommand->handle()
#24 /home/islem/Documents/programming/Elearning-web-app/src/vendor/laravel/framework/src/Illuminate/Container/Util.php(43): Illuminate\\Container\\BoundMethod::Illuminate\\Container\\{closure}()
#25 /home/islem/Documents/programming/Elearning-web-app/src/vendor/laravel/framework/src/Illuminate/Container/BoundMethod.php(95): Illuminate\\Container\\Util::unwrapIfClosure()
#26 /home/islem/Documents/programming/Elearning-web-app/src/vendor/laravel/framework/src/Illuminate/Container/BoundMethod.php(35): Illuminate\\Container\\BoundMethod::callBoundMethod()
#27 /home/islem/Documents/programming/Elearning-web-app/src/vendor/laravel/framework/src/Illuminate/Container/Container.php(694): Illuminate\\Container\\BoundMethod::call()
#28 /home/islem/Documents/programming/Elearning-web-app/src/vendor/laravel/framework/src/Illuminate/Console/Command.php(213): Illuminate\\Container\\Container->call()
#29 /home/islem/Documents/programming/Elearning-web-app/src/vendor/symfony/console/Command/Command.php(279): Illuminate\\Console\\Command->execute()
#30 /home/islem/Documents/programming/Elearning-web-app/src/vendor/laravel/framework/src/Illuminate/Console/Command.php(182): Symfony\\Component\\Console\\Command\\Command->run()
#31 /home/islem/Documents/programming/Elearning-web-app/src/vendor/symfony/console/Application.php(1094): Illuminate\\Console\\Command->run()
#32 /home/islem/Documents/programming/Elearning-web-app/src/vendor/symfony/console/Application.php(342): Symfony\\Component\\Console\\Application->doRunCommand()
#33 /home/islem/Documents/programming/Elearning-web-app/src/vendor/symfony/console/Application.php(193): Symfony\\Component\\Console\\Application->doRun()
#34 /home/islem/Documents/programming/Elearning-web-app/src/vendor/laravel/framework/src/Illuminate/Foundation/Console/Kernel.php(197): Symfony\\Component\\Console\\Application->run()
#35 /home/islem/Documents/programming/Elearning-web-app/src/artisan(35): Illuminate\\Foundation\\Console\\Kernel->handle()
#36 {main}
"} 
[2024-12-07 08:08:19] local.ERROR: Access to undeclared static property Spatie\Permission\PermissionRegistrar::$pivotPermission {"exception":"[object] (Error(code: 0): Access to undeclared static property Spatie\\Permission\\PermissionRegistrar::$pivotPermission at /home/islem/Documents/programming/Elearning-web-app/src/database/migrations/2022_10_16_063730_create_permission_tables.php:54)
[stacktrace]
#0 /home/islem/Documents/programming/Elearning-web-app/src/vendor/laravel/framework/src/Illuminate/Database/Schema/Builder.php(421): CreatePermissionTables->{closure}()
#1 /home/islem/Documents/programming/Elearning-web-app/src/vendor/laravel/framework/src/Illuminate/Support/helpers.php(393): Illuminate\\Database\\Schema\\Builder->Illuminate\\Database\\Schema\\{closure}()
#2 /home/islem/Documents/programming/Elearning-web-app/src/vendor/laravel/framework/src/Illuminate/Database/Schema/Builder.php(418): tap()
#3 /home/islem/Documents/programming/Elearning-web-app/src/vendor/laravel/framework/src/Illuminate/Support/Facades/Facade.php(358): Illuminate\\Database\\Schema\\Builder->create()
#4 /home/islem/Documents/programming/Elearning-web-app/src/database/migrations/2022_10_16_063730_create_permission_tables.php(53): Illuminate\\Support\\Facades\\Facade::__callStatic()
#5 /home/islem/Documents/programming/Elearning-web-app/src/vendor/laravel/framework/src/Illuminate/Database/Migrations/Migrator.php(476): CreatePermissionTables->up()
#6 /home/islem/Documents/programming/Elearning-web-app/src/vendor/laravel/framework/src/Illuminate/Database/Migrations/Migrator.php(401): Illuminate\\Database\\Migrations\\Migrator->runMethod()
#7 /home/islem/Documents/programming/Elearning-web-app/src/vendor/laravel/framework/src/Illuminate/Database/Migrations/Migrator.php(410): Illuminate\\Database\\Migrations\\Migrator->Illuminate\\Database\\Migrations\\{closure}()
#8 /home/islem/Documents/programming/Elearning-web-app/src/vendor/laravel/framework/src/Illuminate/Database/Migrations/Migrator.php(213): Illuminate\\Database\\Migrations\\Migrator->runMigration()
#9 /home/islem/Documents/programming/Elearning-web-app/src/vendor/laravel/framework/src/Illuminate/Console/View/Components/Task.php(40): Illuminate\\Database\\Migrations\\Migrator->Illuminate\\Database\\Migrations\\{closure}()
#10 /home/islem/Documents/programming/Elearning-web-app/src/vendor/laravel/framework/src/Illuminate/Database/Migrations/Migrator.php(737): Illuminate\\Console\\View\\Components\\Task->render()
#11 /home/islem/Documents/programming/Elearning-web-app/src/vendor/laravel/framework/src/Illuminate/Database/Migrations/Migrator.php(213): Illuminate\\Database\\Migrations\\Migrator->write()
#12 /home/islem/Documents/programming/Elearning-web-app/src/vendor/laravel/framework/src/Illuminate/Database/Migrations/Migrator.php(180): Illuminate\\Database\\Migrations\\Migrator->runUp()
#13 /home/islem/Documents/programming/Elearning-web-app/src/vendor/laravel/framework/src/Illuminate/Database/Migrations/Migrator.php(123): Illuminate\\Database\\Migrations\\Migrator->runPending()
#14 /home/islem/Documents/programming/Elearning-web-app/src/vendor/laravel/framework/src/Illuminate/Database/Console/Migrations/MigrateCommand.php(116): Illuminate\\Database\\Migrations\\Migrator->run()
#15 /home/islem/Documents/programming/Elearning-web-app/src/vendor/laravel/framework/src/Illuminate/Database/Migrations/Migrator.php(616): Illuminate\\Database\\Console\\Migrations\\MigrateCommand->Illuminate\\Database\\Console\\Migrations\\{closure}()
#16 /home/islem/Documents/programming/Elearning-web-app/src/vendor/laravel/framework/src/Illuminate/Database/Console/Migrations/MigrateCommand.php(109): Illuminate\\Database\\Migrations\\Migrator->usingConnection()
#17 /home/islem/Documents/programming/Elearning-web-app/src/vendor/laravel/framework/src/Illuminate/Database/Console/Migrations/MigrateCommand.php(88): Illuminate\\Database\\Console\\Migrations\\MigrateCommand->runMigrations()
#18 /home/islem/Documents/programming/Elearning-web-app/src/vendor/laravel/framework/src/Illuminate/Container/BoundMethod.php(36): Illuminate\\Database\\Console\\Migrations\\MigrateCommand->handle()
#19 /home/islem/Documents/programming/Elearning-web-app/src/vendor/laravel/framework/src/Illuminate/Container/Util.php(43): Illuminate\\Container\\BoundMethod::Illuminate\\Container\\{closure}()
#20 /home/islem/Documents/programming/Elearning-web-app/src/vendor/laravel/framework/src/Illuminate/Container/BoundMethod.php(95): Illuminate\\Container\\Util::unwrapIfClosure()
#21 /home/islem/Documents/programming/Elearning-web-app/src/vendor/laravel/framework/src/Illuminate/Container/BoundMethod.php(35): Illuminate\\Container\\BoundMethod::callBoundMethod()
#22 /home/islem/Documents/programming/Elearning-web-app/src/vendor/laravel/framework/src/Illuminate/Container/Container.php(694): Illuminate\\Container\\BoundMethod::call()
#23 /home/islem/Documents/programming/Elearning-web-app/src/vendor/laravel/framework/src/Illuminate/Console/Command.php(213): Illuminate\\Container\\Container->call()
#24 /home/islem/Documents/programming/Elearning-web-app/src/vendor/symfony/console/Command/Command.php(279): Illuminate\\Console\\Command->execute()
#25 /home/islem/Documents/programming/Elearning-web-app/src/vendor/laravel/framework/src/Illuminate/Console/Command.php(182): Symfony\\Component\\Console\\Command\\Command->run()
#26 /home/islem/Documents/programming/Elearning-web-app/src/vendor/laravel/framework/src/Illuminate/Console/Concerns/CallsCommands.php(67): Illuminate\\Console\\Command->run()
#27 /home/islem/Documents/programming/Elearning-web-app/src/vendor/laravel/framework/src/Illuminate/Console/Concerns/CallsCommands.php(28): Illuminate\\Console\\Command->runCommand()
#28 /home/islem/Documents/programming/Elearning-web-app/src/vendor/laravel/framework/src/Illuminate/Database/Console/Migrations/FreshCommand.php(82): Illuminate\\Console\\Command->call()
#29 /home/islem/Documents/programming/Elearning-web-app/src/vendor/laravel/framework/src/Illuminate/Container/BoundMethod.php(36): Illuminate\\Database\\Console\\Migrations\\FreshCommand->handle()
#30 /home/islem/Documents/programming/Elearning-web-app/src/vendor/laravel/framework/src/Illuminate/Container/Util.php(43): Illuminate\\Container\\BoundMethod::Illuminate\\Container\\{closure}()
#31 /home/islem/Documents/programming/Elearning-web-app/src/vendor/laravel/framework/src/Illuminate/Container/BoundMethod.php(95): Illuminate\\Container\\Util::unwrapIfClosure()
#32 /home/islem/Documents/programming/Elearning-web-app/src/vendor/laravel/framework/src/Illuminate/Container/BoundMethod.php(35): Illuminate\\Container\\BoundMethod::callBoundMethod()
#33 /home/islem/Documents/programming/Elearning-web-app/src/vendor/laravel/framework/src/Illuminate/Container/Container.php(694): Illuminate\\Container\\BoundMethod::call()
#34 /home/islem/Documents/programming/Elearning-web-app/src/vendor/laravel/framework/src/Illuminate/Console/Command.php(213): Illuminate\\Container\\Container->call()
#35 /home/islem/Documents/programming/Elearning-web-app/src/vendor/symfony/console/Command/Command.php(279): Illuminate\\Console\\Command->execute()
#36 /home/islem/Documents/programming/Elearning-web-app/src/vendor/laravel/framework/src/Illuminate/Console/Command.php(182): Symfony\\Component\\Console\\Command\\Command->run()
#37 /home/islem/Documents/programming/Elearning-web-app/src/vendor/symfony/console/Application.php(1094): Illuminate\\Console\\Command->run()
#38 /home/islem/Documents/programming/Elearning-web-app/src/vendor/symfony/console/Application.php(342): Symfony\\Component\\Console\\Application->doRunCommand()
#39 /home/islem/Documents/programming/Elearning-web-app/src/vendor/symfony/console/Application.php(193): Symfony\\Component\\Console\\Application->doRun()
#40 /home/islem/Documents/programming/Elearning-web-app/src/vendor/laravel/framework/src/Illuminate/Foundation/Console/Kernel.php(197): Symfony\\Component\\Console\\Application->run()
#41 /home/islem/Documents/programming/Elearning-web-app/src/artisan(35): Illuminate\\Foundation\\Console\\Kernel->handle()
#42 {main}
"} 
[2024-12-07 08:08:48] local.ERROR: Access to undeclared static property Spatie\Permission\PermissionRegistrar::$pivotPermission {"exception":"[object] (Error(code: 0): Access to undeclared static property Spatie\\Permission\\PermissionRegistrar::$pivotPermission at /home/islem/Documents/programming/Elearning-web-app/src/database/migrations/2022_10_16_063730_create_permission_tables.php:54)
[stacktrace]
#0 /home/islem/Documents/programming/Elearning-web-app/src/vendor/laravel/framework/src/Illuminate/Database/Schema/Builder.php(421): CreatePermissionTables->{closure}()
#1 /home/islem/Documents/programming/Elearning-web-app/src/vendor/laravel/framework/src/Illuminate/Support/helpers.php(393): Illuminate\\Database\\Schema\\Builder->Illuminate\\Database\\Schema\\{closure}()
#2 /home/islem/Documents/programming/Elearning-web-app/src/vendor/laravel/framework/src/Illuminate/Database/Schema/Builder.php(418): tap()
#3 /home/islem/Documents/programming/Elearning-web-app/src/vendor/laravel/framework/src/Illuminate/Support/Facades/Facade.php(358): Illuminate\\Database\\Schema\\Builder->create()
#4 /home/islem/Documents/programming/Elearning-web-app/src/database/migrations/2022_10_16_063730_create_permission_tables.php(53): Illuminate\\Support\\Facades\\Facade::__callStatic()
#5 /home/islem/Documents/programming/Elearning-web-app/src/vendor/laravel/framework/src/Illuminate/Database/Migrations/Migrator.php(476): CreatePermissionTables->up()
#6 /home/islem/Documents/programming/Elearning-web-app/src/vendor/laravel/framework/src/Illuminate/Database/Migrations/Migrator.php(401): Illuminate\\Database\\Migrations\\Migrator->runMethod()
#7 /home/islem/Documents/programming/Elearning-web-app/src/vendor/laravel/framework/src/Illuminate/Database/Migrations/Migrator.php(410): Illuminate\\Database\\Migrations\\Migrator->Illuminate\\Database\\Migrations\\{closure}()
#8 /home/islem/Documents/programming/Elearning-web-app/src/vendor/laravel/framework/src/Illuminate/Database/Migrations/Migrator.php(213): Illuminate\\Database\\Migrations\\Migrator->runMigration()
#9 /home/islem/Documents/programming/Elearning-web-app/src/vendor/laravel/framework/src/Illuminate/Console/View/Components/Task.php(40): Illuminate\\Database\\Migrations\\Migrator->Illuminate\\Database\\Migrations\\{closure}()
#10 /home/islem/Documents/programming/Elearning-web-app/src/vendor/laravel/framework/src/Illuminate/Database/Migrations/Migrator.php(737): Illuminate\\Console\\View\\Components\\Task->render()
#11 /home/islem/Documents/programming/Elearning-web-app/src/vendor/laravel/framework/src/Illuminate/Database/Migrations/Migrator.php(213): Illuminate\\Database\\Migrations\\Migrator->write()
#12 /home/islem/Documents/programming/Elearning-web-app/src/vendor/laravel/framework/src/Illuminate/Database/Migrations/Migrator.php(180): Illuminate\\Database\\Migrations\\Migrator->runUp()
#13 /home/islem/Documents/programming/Elearning-web-app/src/vendor/laravel/framework/src/Illuminate/Database/Migrations/Migrator.php(123): Illuminate\\Database\\Migrations\\Migrator->runPending()
#14 /home/islem/Documents/programming/Elearning-web-app/src/vendor/laravel/framework/src/Illuminate/Database/Console/Migrations/MigrateCommand.php(116): Illuminate\\Database\\Migrations\\Migrator->run()
#15 /home/islem/Documents/programming/Elearning-web-app/src/vendor/laravel/framework/src/Illuminate/Database/Migrations/Migrator.php(616): Illuminate\\Database\\Console\\Migrations\\MigrateCommand->Illuminate\\Database\\Console\\Migrations\\{closure}()
#16 /home/islem/Documents/programming/Elearning-web-app/src/vendor/laravel/framework/src/Illuminate/Database/Console/Migrations/MigrateCommand.php(109): Illuminate\\Database\\Migrations\\Migrator->usingConnection()
#17 /home/islem/Documents/programming/Elearning-web-app/src/vendor/laravel/framework/src/Illuminate/Database/Console/Migrations/MigrateCommand.php(88): Illuminate\\Database\\Console\\Migrations\\MigrateCommand->runMigrations()
#18 /home/islem/Documents/programming/Elearning-web-app/src/vendor/laravel/framework/src/Illuminate/Container/BoundMethod.php(36): Illuminate\\Database\\Console\\Migrations\\MigrateCommand->handle()
#19 /home/islem/Documents/programming/Elearning-web-app/src/vendor/laravel/framework/src/Illuminate/Container/Util.php(43): Illuminate\\Container\\BoundMethod::Illuminate\\Container\\{closure}()
#20 /home/islem/Documents/programming/Elearning-web-app/src/vendor/laravel/framework/src/Illuminate/Container/BoundMethod.php(95): Illuminate\\Container\\Util::unwrapIfClosure()
#21 /home/islem/Documents/programming/Elearning-web-app/src/vendor/laravel/framework/src/Illuminate/Container/BoundMethod.php(35): Illuminate\\Container\\BoundMethod::callBoundMethod()
#22 /home/islem/Documents/programming/Elearning-web-app/src/vendor/laravel/framework/src/Illuminate/Container/Container.php(694): Illuminate\\Container\\BoundMethod::call()
#23 /home/islem/Documents/programming/Elearning-web-app/src/vendor/laravel/framework/src/Illuminate/Console/Command.php(213): Illuminate\\Container\\Container->call()
#24 /home/islem/Documents/programming/Elearning-web-app/src/vendor/symfony/console/Command/Command.php(279): Illuminate\\Console\\Command->execute()
#25 /home/islem/Documents/programming/Elearning-web-app/src/vendor/laravel/framework/src/Illuminate/Console/Command.php(182): Symfony\\Component\\Console\\Command\\Command->run()
#26 /home/islem/Documents/programming/Elearning-web-app/src/vendor/laravel/framework/src/Illuminate/Console/Concerns/CallsCommands.php(67): Illuminate\\Console\\Command->run()
#27 /home/islem/Documents/programming/Elearning-web-app/src/vendor/laravel/framework/src/Illuminate/Console/Concerns/CallsCommands.php(28): Illuminate\\Console\\Command->runCommand()
#28 /home/islem/Documents/programming/Elearning-web-app/src/vendor/laravel/framework/src/Illuminate/Database/Console/Migrations/FreshCommand.php(82): Illuminate\\Console\\Command->call()
#29 /home/islem/Documents/programming/Elearning-web-app/src/vendor/laravel/framework/src/Illuminate/Container/BoundMethod.php(36): Illuminate\\Database\\Console\\Migrations\\FreshCommand->handle()
#30 /home/islem/Documents/programming/Elearning-web-app/src/vendor/laravel/framework/src/Illuminate/Container/Util.php(43): Illuminate\\Container\\BoundMethod::Illuminate\\Container\\{closure}()
#31 /home/islem/Documents/programming/Elearning-web-app/src/vendor/laravel/framework/src/Illuminate/Container/BoundMethod.php(95): Illuminate\\Container\\Util::unwrapIfClosure()
#32 /home/islem/Documents/programming/Elearning-web-app/src/vendor/laravel/framework/src/Illuminate/Container/BoundMethod.php(35): Illuminate\\Container\\BoundMethod::callBoundMethod()
#33 /home/islem/Documents/programming/Elearning-web-app/src/vendor/laravel/framework/src/Illuminate/Container/Container.php(694): Illuminate\\Container\\BoundMethod::call()
#34 /home/islem/Documents/programming/Elearning-web-app/src/vendor/laravel/framework/src/Illuminate/Console/Command.php(213): Illuminate\\Container\\Container->call()
#35 /home/islem/Documents/programming/Elearning-web-app/src/vendor/symfony/console/Command/Command.php(279): Illuminate\\Console\\Command->execute()
#36 /home/islem/Documents/programming/Elearning-web-app/src/vendor/laravel/framework/src/Illuminate/Console/Command.php(182): Symfony\\Component\\Console\\Command\\Command->run()
#37 /home/islem/Documents/programming/Elearning-web-app/src/vendor/symfony/console/Application.php(1094): Illuminate\\Console\\Command->run()
#38 /home/islem/Documents/programming/Elearning-web-app/src/vendor/symfony/console/Application.php(342): Symfony\\Component\\Console\\Application->doRunCommand()
#39 /home/islem/Documents/programming/Elearning-web-app/src/vendor/symfony/console/Application.php(193): Symfony\\Component\\Console\\Application->doRun()
#40 /home/islem/Documents/programming/Elearning-web-app/src/vendor/laravel/framework/src/Illuminate/Foundation/Console/Kernel.php(197): Symfony\\Component\\Console\\Application->run()
#41 /home/islem/Documents/programming/Elearning-web-app/src/artisan(35): Illuminate\\Foundation\\Console\\Kernel->handle()
#42 {main}
"} 
